<?xml version="1.0" encoding="UTF-8"?>
<!-- Generated by org.testng.reporters.JUnitXMLReporter -->
<testsuite ignored="0" hostname="DESKTOP-OHN0O96" failures="1" tests="3" name="Error Validation Test" time="42.319" errors="0" timestamp="2026-04-12T13:45:16 IST">
  <testcase classname="soumyasanshi.SeleniumFrameWorkDesign.ErrorValidations" name="LoginErrorValidation" time="1.905">
    <skipped/>
  </testcase> <!-- LoginErrorValidation -->
  <testcase classname="soumyasanshi.SeleniumFrameWorkDesign.ErrorValidations" name="LoginErrorValidation" time="1.437">
    <failure type="java.lang.AssertionError" message="expected [Incorrect email or password.] but found [Incorrect mail or password.]">
      <![CDATA[java.lang.AssertionError: expected [Incorrect email or password.] but found [Incorrect mail or password.]
at soumyasanshi.SeleniumFrameWorkDesign.ErrorValidations.LoginErrorValidation(ErrorValidations.java:35)
at java.base/java.util.ArrayList.forEach(ArrayList.java:1596)
at java.base/java.util.concurrent.FutureTask.run(FutureTask.java:317)
at java.base/java.util.concurrent.ThreadPoolExecutor.runWorker(ThreadPoolExecutor.java:1144)
at java.base/java.util.concurrent.ThreadPoolExecutor$Worker.run(ThreadPoolExecutor.java:642)
at java.base/java.lang.Thread.run(Thread.java:1583)
... Removed 21 stack frames]]>
    </failure>
  </testcase> <!-- LoginErrorValidation -->
  <testcase classname="soumyasanshi.SeleniumFrameWorkDesign.ErrorValidations" name="ProductErrorValidation" time="19.293"/>
</testsuite> <!-- Error Validation Test -->
