<?xml version="1.0" encoding="UTF-8"?>
<!-- Generated by org.testng.reporters.JUnitXMLReporter -->
<testsuite ignored="0" hostname="DESKTOP-OHN0O96" failures="0" tests="3" name="Submit Order Test" time="40.228" errors="0" timestamp="2026-04-12T13:45:15 IST">
  <testcase classname="soumyasanshi.SeleniumFrameWorkDesign.StandAloneTest" name="submitOrder" time="9.897"/>
  <testcase classname="soumyasanshi.SeleniumFrameWorkDesign.StandAloneTest" name="submitOrder" time="7.785"/>
  <testcase classname="soumyasanshi.SeleniumFrameWorkDesign.StandAloneTest" name="testOrderProducts" time="2.68"/>
</testsuite> <!-- Submit Order Test -->
