<?xml version="1.0" encoding="UTF-8"?>
<!-- Generated by org.testng.reporters.JUnitXMLReporter -->
<testsuite ignored="0" hostname="DESKTOP-OHN0O96" failures="1" tests="3" name="Error Validation Test" time="16.497" errors="0" timestamp="2026-04-18T15:19:10 IST">
  <testcase classname="soumyasanshi.SeleniumFrameWorkDesign.ErrorValidations" name="LoginErrorValidation" time="0.838">
    <skipped/>
  </testcase> <!-- LoginErrorValidation -->
  <testcase classname="soumyasanshi.SeleniumFrameWorkDesign.ErrorValidations" name="LoginErrorValidation" time="0.765">
    <failure type="java.lang.AssertionError" message="expected [Incorrect email or password.] but found [Incorrect mail or password.]">
      <![CDATA[java.lang.AssertionError: expected [Incorrect email or password.] but found [Incorrect mail or password.]
at soumyasanshi.SeleniumFrameWorkDesign.ErrorValidations.LoginErrorValidation(ErrorValidations.java:35)
at java.base/java.util.ArrayList.forEach(ArrayList.java:1596)
... Removed 35 stack frames]]>
    </failure>
  </testcase> <!-- LoginErrorValidation -->
  <testcase classname="soumyasanshi.SeleniumFrameWorkDesign.ErrorValidations" name="ProductErrorValidation" time="3.445"/>
</testsuite> <!-- Error Validation Test -->
