<?xml version="1.0" encoding="UTF-8"?>
<!-- Generated by org.testng.reporters.JUnitXMLReporter -->
<testsuite ignored="0" hostname="DESKTOP-OHN0O96" failures="0" tests="3" name="Submit Order Test" time="78.938" errors="0" timestamp="2026-05-16T21:23:47 IST">
  <testcase classname="soumyasanshi.SeleniumFrameWorkDesign.StandAloneTest" name="submitOrder" time="5.31"/>
  <testcase classname="soumyasanshi.SeleniumFrameWorkDesign.StandAloneTest" name="submitOrder" time="5.158"/>
  <testcase classname="soumyasanshi.SeleniumFrameWorkDesign.StandAloneTest" name="testOrderProducts" time="1.416"/>
</testsuite> <!-- Submit Order Test -->
