<?xml version="1.0" encoding="UTF-8"?>
<testng-results retried="1" ignored="0" total="6" passed="4" failed="1" skipped="0">
  <reporter-output>
  </reporter-output>
  <suite started-at="2026-05-16T21:22:27 IST" name="Suite" finished-at="2026-05-16T21:24:15 IST" duration-ms="107581">
    <groups>
      <group name="ErrorHandling">
        <method signature="ErrorValidations.ProductErrorValidation()[pri:0, instance:soumyasanshi.SeleniumFrameWorkDesign.ErrorValidations@36804139]" name="ProductErrorValidation" class="soumyasanshi.SeleniumFrameWorkDesign.ErrorValidations"/>
      </group> <!-- ErrorHandling -->
      <group name="PurchaseOrder">
        <method signature="StandAloneTest.submitOrder(java.util.HashMap)[pri:0, instance:soumyasanshi.SeleniumFrameWorkDesign.StandAloneTest@5c7933ad]" name="submitOrder" class="soumyasanshi.SeleniumFrameWorkDesign.StandAloneTest"/>
      </group> <!-- PurchaseOrder -->
    </groups>
    <test started-at="2026-05-16T21:22:27 IST" name="Submit Order Test" finished-at="2026-05-16T21:23:46 IST" duration-ms="78938">
      <class name="soumyasanshi.SeleniumFrameWorkDesign.StandAloneTest">
        <test-method is-config="true" signature="lauchApplication()[pri:0, instance:soumyasanshi.SeleniumFrameWorkDesign.StandAloneTest@5c7933ad]" started-at="2026-05-16T21:22:28 IST" name="lauchApplication" finished-at="2026-05-16T21:23:20 IST" duration-ms="51795" status="PASS">
          <reporter-output>
          </reporter-output>
        </test-method> <!-- lauchApplication -->
        <test-method signature="submitOrder(java.util.HashMap)[pri:0, instance:soumyasanshi.SeleniumFrameWorkDesign.StandAloneTest@5c7933ad]" started-at="2026-05-16T21:23:20 IST" name="submitOrder" data-provider="getData" finished-at="2026-05-16T21:23:25 IST" duration-ms="5310" status="PASS">
          <params>
            <param index="0">
              <value>
                <![CDATA[{password=Pinky@#2000, item=ZARA COAT 3, email=pinky2000@gmail.com}]]>
              </value>
            </param>
          </params>
          <reporter-output>
          </reporter-output>
        </test-method> <!-- submitOrder -->
        <test-method is-config="true" signature="EndApp()[pri:0, instance:soumyasanshi.SeleniumFrameWorkDesign.StandAloneTest@5c7933ad]" started-at="2026-05-16T21:23:25 IST" name="EndApp" finished-at="2026-05-16T21:23:25 IST" duration-ms="360" status="PASS">
          <reporter-output>
          </reporter-output>
        </test-method> <!-- EndApp -->
        <test-method is-config="true" signature="lauchApplication()[pri:0, instance:soumyasanshi.SeleniumFrameWorkDesign.StandAloneTest@5c7933ad]" started-at="2026-05-16T21:23:25 IST" name="lauchApplication" finished-at="2026-05-16T21:23:33 IST" duration-ms="7613" status="PASS">
          <reporter-output>
          </reporter-output>
        </test-method> <!-- lauchApplication -->
        <test-method signature="submitOrder(java.util.HashMap)[pri:0, instance:soumyasanshi.SeleniumFrameWorkDesign.StandAloneTest@5c7933ad]" started-at="2026-05-16T21:23:33 IST" name="submitOrder" data-provider="getData" finished-at="2026-05-16T21:23:38 IST" duration-ms="5158" status="PASS">
          <params>
            <param index="0">
              <value>
                <![CDATA[{password=Sai@#2000, item=ZARA COAT 3, email=sai01@gmail.com}]]>
              </value>
            </param>
          </params>
          <reporter-output>
          </reporter-output>
        </test-method> <!-- submitOrder -->
        <test-method is-config="true" signature="EndApp()[pri:0, instance:soumyasanshi.SeleniumFrameWorkDesign.StandAloneTest@5c7933ad]" started-at="2026-05-16T21:23:38 IST" name="EndApp" finished-at="2026-05-16T21:23:39 IST" duration-ms="474" status="PASS">
          <reporter-output>
          </reporter-output>
        </test-method> <!-- EndApp -->
        <test-method is-config="true" signature="lauchApplication()[pri:0, instance:soumyasanshi.SeleniumFrameWorkDesign.StandAloneTest@5c7933ad]" started-at="2026-05-16T21:23:39 IST" name="lauchApplication" finished-at="2026-05-16T21:23:45 IST" duration-ms="5860" status="PASS">
          <reporter-output>
          </reporter-output>
        </test-method> <!-- lauchApplication -->
        <test-method signature="testOrderProducts()[pri:0, instance:soumyasanshi.SeleniumFrameWorkDesign.StandAloneTest@5c7933ad]" started-at="2026-05-16T21:23:45 IST" name="testOrderProducts" finished-at="2026-05-16T21:23:46 IST" depends-on-methods="soumyasanshi.SeleniumFrameWorkDesign.StandAloneTest.submitOrder" duration-ms="1416" status="PASS">
          <reporter-output>
          </reporter-output>
        </test-method> <!-- testOrderProducts -->
        <test-method is-config="true" signature="EndApp()[pri:0, instance:soumyasanshi.SeleniumFrameWorkDesign.StandAloneTest@5c7933ad]" started-at="2026-05-16T21:23:46 IST" name="EndApp" finished-at="2026-05-16T21:23:46 IST" duration-ms="328" status="PASS">
          <reporter-output>
          </reporter-output>
        </test-method> <!-- EndApp -->
      </class> <!-- soumyasanshi.SeleniumFrameWorkDesign.StandAloneTest -->
    </test> <!-- Submit Order Test -->
    <test started-at="2026-05-16T21:23:47 IST" name="Error Validation Test" finished-at="2026-05-16T21:24:15 IST" duration-ms="27821">
      <class name="soumyasanshi.SeleniumFrameWorkDesign.ErrorValidations">
        <test-method is-config="true" signature="lauchApplication()[pri:0, instance:soumyasanshi.SeleniumFrameWorkDesign.ErrorValidations@36804139]" started-at="2026-05-16T21:23:47 IST" name="lauchApplication" finished-at="2026-05-16T21:23:52 IST" duration-ms="4719" status="PASS">
          <reporter-output>
          </reporter-output>
        </test-method> <!-- lauchApplication -->
        <test-method retried="true" signature="LoginErrorValidation()[pri:0, instance:soumyasanshi.SeleniumFrameWorkDesign.ErrorValidations@36804139]" started-at="2026-05-16T21:23:52 IST" name="LoginErrorValidation" finished-at="2026-05-16T21:23:53 IST" duration-ms="859" status="SKIP">
          <exception class="java.lang.AssertionError">
            <message>
              <![CDATA[expected [Incorrect email or password.] but found [Incorrect mail or password.]]]>
            </message>
            <full-stacktrace>
              <![CDATA[java.lang.AssertionError: expected [Incorrect email or password.] but found [Incorrect mail or password.]
at org.testng.Assert.fail(Assert.java:111)
at org.testng.Assert.failNotEquals(Assert.java:1590)
at org.testng.Assert.assertEqualsImpl(Assert.java:150)
at org.testng.Assert.assertEquals(Assert.java:132)
at org.testng.Assert.assertEquals(Assert.java:656)
at org.testng.Assert.assertEquals(Assert.java:666)
at soumyasanshi.SeleniumFrameWorkDesign.ErrorValidations.LoginErrorValidation(ErrorValidations.java:35)
at java.base/jdk.internal.reflect.DirectMethodHandleAccessor.invoke(DirectMethodHandleAccessor.java:103)
at java.base/java.lang.reflect.Method.invoke(Method.java:580)
at org.testng.internal.invokers.MethodInvocationHelper.invokeMethod(MethodInvocationHelper.java:141)
at org.testng.internal.invokers.TestInvoker.invokeMethod(TestInvoker.java:697)
at org.testng.internal.invokers.TestInvoker.invokeTestMethod(TestInvoker.java:230)
at org.testng.internal.invokers.MethodRunner.runInSequence(MethodRunner.java:63)
at org.testng.internal.invokers.TestInvoker$MethodInvocationAgent.invoke(TestInvoker.java:1005)
at org.testng.internal.invokers.TestInvoker.invokeTestMethods(TestInvoker.java:203)
at org.testng.internal.invokers.TestMethodWorker.invokeTestMethods(TestMethodWorker.java:154)
at org.testng.internal.invokers.TestMethodWorker.run(TestMethodWorker.java:134)
at java.base/java.util.ArrayList.forEach(ArrayList.java:1596)
at org.testng.TestRunner.privateRun(TestRunner.java:744)
at org.testng.TestRunner.run(TestRunner.java:616)
at org.testng.SuiteRunner.runTest(SuiteRunner.java:421)
at org.testng.SuiteRunner.runSequentially(SuiteRunner.java:413)
at org.testng.SuiteRunner.privateRun(SuiteRunner.java:373)
at org.testng.SuiteRunner.run(SuiteRunner.java:312)
at org.testng.SuiteRunnerWorker.runSuite(SuiteRunnerWorker.java:52)
at org.testng.SuiteRunnerWorker.run(SuiteRunnerWorker.java:95)
at org.testng.TestNG.runSuitesSequentially(TestNG.java:1274)
at org.testng.TestNG.runSuitesLocally(TestNG.java:1208)
at org.testng.TestNG.runSuites(TestNG.java:1112)
at org.testng.TestNG.run(TestNG.java:1079)
at org.apache.maven.surefire.testng.TestNGExecutor.run(TestNGExecutor.java:308)
at org.apache.maven.surefire.testng.TestNGXmlTestSuite.execute(TestNGXmlTestSuite.java:71)
at org.apache.maven.surefire.testng.TestNGProvider.invoke(TestNGProvider.java:113)
at org.apache.maven.surefire.booter.ForkedBooter.runSuitesInProcess(ForkedBooter.java:385)
at org.apache.maven.surefire.booter.ForkedBooter.execute(ForkedBooter.java:162)
at org.apache.maven.surefire.booter.ForkedBooter.run(ForkedBooter.java:507)
at org.apache.maven.surefire.booter.ForkedBooter.main(ForkedBooter.java:495)
]]>
            </full-stacktrace>
          </exception> <!-- java.lang.AssertionError -->
          <reporter-output>
          </reporter-output>
        </test-method> <!-- LoginErrorValidation -->
        <test-method is-config="true" signature="EndApp()[pri:0, instance:soumyasanshi.SeleniumFrameWorkDesign.ErrorValidations@36804139]" started-at="2026-05-16T21:23:53 IST" name="EndApp" finished-at="2026-05-16T21:23:53 IST" duration-ms="317" status="PASS">
          <reporter-output>
          </reporter-output>
        </test-method> <!-- EndApp -->
        <test-method is-config="true" signature="lauchApplication()[pri:0, instance:soumyasanshi.SeleniumFrameWorkDesign.ErrorValidations@36804139]" started-at="2026-05-16T21:23:53 IST" name="lauchApplication" finished-at="2026-05-16T21:24:02 IST" duration-ms="8501" status="PASS">
          <reporter-output>
          </reporter-output>
        </test-method> <!-- lauchApplication -->
        <test-method signature="LoginErrorValidation()[pri:0, instance:soumyasanshi.SeleniumFrameWorkDesign.ErrorValidations@36804139]" started-at="2026-05-16T21:24:02 IST" name="LoginErrorValidation" finished-at="2026-05-16T21:24:03 IST" duration-ms="1045" status="FAIL">
          <exception class="java.lang.AssertionError">
            <message>
              <![CDATA[expected [Incorrect email or password.] but found [Incorrect mail or password.]]]>
            </message>
            <full-stacktrace>
              <![CDATA[java.lang.AssertionError: expected [Incorrect email or password.] but found [Incorrect mail or password.]
at org.testng.Assert.fail(Assert.java:111)
at org.testng.Assert.failNotEquals(Assert.java:1590)
at org.testng.Assert.assertEqualsImpl(Assert.java:150)
at org.testng.Assert.assertEquals(Assert.java:132)
at org.testng.Assert.assertEquals(Assert.java:656)
at org.testng.Assert.assertEquals(Assert.java:666)
at soumyasanshi.SeleniumFrameWorkDesign.ErrorValidations.LoginErrorValidation(ErrorValidations.java:35)
at java.base/jdk.internal.reflect.DirectMethodHandleAccessor.invoke(DirectMethodHandleAccessor.java:103)
at java.base/java.lang.reflect.Method.invoke(Method.java:580)
at org.testng.internal.invokers.MethodInvocationHelper.invokeMethod(MethodInvocationHelper.java:141)
at org.testng.internal.invokers.TestInvoker.invokeMethod(TestInvoker.java:697)
at org.testng.internal.invokers.TestInvoker.retryFailed(TestInvoker.java:280)
at org.testng.internal.invokers.MethodRunner.runInSequence(MethodRunner.java:76)
at org.testng.internal.invokers.TestInvoker$MethodInvocationAgent.invoke(TestInvoker.java:1005)
at org.testng.internal.invokers.TestInvoker.invokeTestMethods(TestInvoker.java:203)
at org.testng.internal.invokers.TestMethodWorker.invokeTestMethods(TestMethodWorker.java:154)
at org.testng.internal.invokers.TestMethodWorker.run(TestMethodWorker.java:134)
at java.base/java.util.ArrayList.forEach(ArrayList.java:1596)
at org.testng.TestRunner.privateRun(TestRunner.java:744)
at org.testng.TestRunner.run(TestRunner.java:616)
at org.testng.SuiteRunner.runTest(SuiteRunner.java:421)
at org.testng.SuiteRunner.runSequentially(SuiteRunner.java:413)
at org.testng.SuiteRunner.privateRun(SuiteRunner.java:373)
at org.testng.SuiteRunner.run(SuiteRunner.java:312)
at org.testng.SuiteRunnerWorker.runSuite(SuiteRunnerWorker.java:52)
at org.testng.SuiteRunnerWorker.run(SuiteRunnerWorker.java:95)
at org.testng.TestNG.runSuitesSequentially(TestNG.java:1274)
at org.testng.TestNG.runSuitesLocally(TestNG.java:1208)
at org.testng.TestNG.runSuites(TestNG.java:1112)
at org.testng.TestNG.run(TestNG.java:1079)
at org.apache.maven.surefire.testng.TestNGExecutor.run(TestNGExecutor.java:308)
at org.apache.maven.surefire.testng.TestNGXmlTestSuite.execute(TestNGXmlTestSuite.java:71)
at org.apache.maven.surefire.testng.TestNGProvider.invoke(TestNGProvider.java:113)
at org.apache.maven.surefire.booter.ForkedBooter.runSuitesInProcess(ForkedBooter.java:385)
at org.apache.maven.surefire.booter.ForkedBooter.execute(ForkedBooter.java:162)
at org.apache.maven.surefire.booter.ForkedBooter.run(ForkedBooter.java:507)
at org.apache.maven.surefire.booter.ForkedBooter.main(ForkedBooter.java:495)
]]>
            </full-stacktrace>
          </exception> <!-- java.lang.AssertionError -->
          <reporter-output>
          </reporter-output>
        </test-method> <!-- LoginErrorValidation -->
        <test-method is-config="true" signature="EndApp()[pri:0, instance:soumyasanshi.SeleniumFrameWorkDesign.ErrorValidations@36804139]" started-at="2026-05-16T21:24:03 IST" name="EndApp" finished-at="2026-05-16T21:24:04 IST" duration-ms="446" status="PASS">
          <reporter-output>
          </reporter-output>
        </test-method> <!-- EndApp -->
        <test-method is-config="true" signature="lauchApplication()[pri:0, instance:soumyasanshi.SeleniumFrameWorkDesign.ErrorValidations@36804139]" started-at="2026-05-16T21:24:04 IST" name="lauchApplication" finished-at="2026-05-16T21:24:11 IST" duration-ms="7198" status="PASS">
          <reporter-output>
          </reporter-output>
        </test-method> <!-- lauchApplication -->
        <test-method signature="ProductErrorValidation()[pri:0, instance:soumyasanshi.SeleniumFrameWorkDesign.ErrorValidations@36804139]" started-at="2026-05-16T21:24:11 IST" name="ProductErrorValidation" finished-at="2026-05-16T21:24:15 IST" duration-ms="3720" status="PASS">
          <reporter-output>
          </reporter-output>
        </test-method> <!-- ProductErrorValidation -->
        <test-method is-config="true" signature="EndApp()[pri:0, instance:soumyasanshi.SeleniumFrameWorkDesign.ErrorValidations@36804139]" started-at="2026-05-16T21:24:15 IST" name="EndApp" finished-at="2026-05-16T21:24:15 IST" duration-ms="310" status="PASS">
          <reporter-output>
          </reporter-output>
        </test-method> <!-- EndApp -->
      </class> <!-- soumyasanshi.SeleniumFrameWorkDesign.ErrorValidations -->
    </test> <!-- Error Validation Test -->
  </suite> <!-- Suite -->
</testng-results>
