<?xml version="1.0" encoding="UTF-8"?>
<!-- Generated by org.testng.reporters.JUnitReportReporter -->
<testsuite hostname="DESKTOP-OHN0O96" failures="0" tests="3" name="soumyasanshi.SeleniumFrameWorkDesign.StandAloneTest" time="78.314" errors="0" timestamp="2026-05-16T21:24:15 IST" skipped="0">
  <testcase classname="soumyasanshi.SeleniumFrameWorkDesign.StandAloneTest" name="submitOrder" time="57.281"/>
  <testcase classname="soumyasanshi.SeleniumFrameWorkDesign.StandAloneTest" name="submitOrder" time="13.397"/>
  <testcase classname="soumyasanshi.SeleniumFrameWorkDesign.StandAloneTest" name="testOrderProducts" time="7.636"/>
</testsuite> <!-- soumyasanshi.SeleniumFrameWorkDesign.StandAloneTest -->
